2019-05-13 15:42:28,935 - access - INFO - [admin] Login Success!
2019-05-13 15:52:26,109 - access - INFO - [admin] Login Success!
2019-05-13 15:53:21,373 - access - INFO - [admin] Login Success!
2019-05-13 15:57:09,685 - access - INFO - [admin] Account logout!
2019-05-13 16:00:24,613 - access - INFO - [henry] Account logout!
2019-05-13 16:00:41,529 - access - INFO - [admin] Login Success!
2019-05-13 16:05:25,895 - access - INFO - [admin] Login Success!
2019-05-13 16:06:58,709 - access - INFO - [admin] Login Success!
2019-05-13 16:08:11,244 - access - INFO - [admin] Account logout!
2019-05-13 16:08:31,699 - access - INFO - [henry] Login Success!
2019-05-13 16:18:27,509 - access - INFO - [henry] Login Success!
2019-05-13 16:25:18,783 - access - INFO - [henry] Login Success!
2019-05-13 16:28:53,788 - access - INFO - [henry] Login Success!
2019-05-13 16:41:13,193 - access - INFO - [henry] Login Success!
2019-05-13 16:53:28,930 - access - INFO - [henry] Login Success!
2019-05-13 16:55:22,696 - access - INFO - [henry] Login Success!
2019-05-13 17:01:04,182 - access - INFO - [henry] Login Success!
2019-05-13 17:03:06,733 - access - INFO - [henry] Login Success!
2019-05-13 17:10:12,721 - access - INFO - [henry] Login Success!
2019-05-13 17:14:23,173 - access - INFO - [henry] Login Success!
2019-05-13 17:14:43,051 - access - INFO - [henry] Account logout!
2019-05-13 17:14:53,320 - access - INFO - [admin] Login Success!
2019-05-13 17:16:15,590 - access - INFO - [admin] Account logout!
2019-05-13 17:24:02,616 - access - INFO - [yuxwl] Login Success!
2019-05-13 17:24:31,940 - access - INFO - [yuxwl] Login Success!
2019-05-13 17:26:47,210 - access - INFO - [yuxwl] Login Success!
2019-05-13 17:28:10,558 - access - INFO - [yuxwl] Login Success!
2019-05-13 17:29:45,242 - access - INFO - [henry] Login Success!
2019-05-13 17:30:45,125 - access - INFO - [yuxwl] Login Success!
2019-05-13 17:32:28,519 - access - INFO - [test2] Account logout!
2019-05-13 17:32:46,451 - access - INFO - [admin] Login Success!
2019-05-13 17:33:30,603 - access - INFO - [admin] Account logout!
2019-05-13 17:33:42,699 - access - INFO - [yuxwl] Login Success!
2019-05-13 17:34:20,075 - access - INFO - [yuxwl] Account logout!
2019-05-13 17:34:55,927 - access - INFO - [yuxwl] Account logout!
2019-05-13 17:35:04,766 - access - INFO - [admin] Login Success!
2019-05-14 09:32:31,648 - access - INFO - [henry] Login Success!
2019-05-14 09:34:32,635 - access - INFO - [henry] Account logout!
2019-05-14 09:34:44,732 - access - INFO - [alex] Login Success!
2019-05-14 09:37:57,035 - access - INFO - [alex] Account logout!
2019-05-14 09:38:11,445 - access - INFO - [henry] Login Success!
2019-05-14 09:38:33,711 - access - INFO - [henry] Account logout!
2019-05-14 09:38:46,572 - access - INFO - [admin] Login Success!
